Added Component: Designator=C1(CAPCERAMIC_SMD_2012M_0805I)
Added Component: Designator=H1(18650_BATTERYHOLDER)
Added Component: Designator=R1(RES_SMD_2012M-0805I)
Added Component: Designator=R2(RES_SMD_2012M-0805I)
Added Component: Designator=SW1(SWITCHDPDT)
Added Component: Designator=U1(ESP32-PICO-KIT)
Added Component: Designator=U2(WSON6)
Added Pin To Net: NetName=ADC Pin=R1-1
Added Pin To Net: NetName=ADC Pin=R2-2
Added Pin To Net: NetName=ADC Pin=U1-14
Added Net: Name=ADC
Added Pin To Net: NetName=GND Pin=C1-1
Added Pin To Net: NetName=GND Pin=H1-1
Added Pin To Net: NetName=GND Pin=R2-1
Added Pin To Net: NetName=GND Pin=U1-19
Added Pin To Net: NetName=GND Pin=U1-39
Added Pin To Net: NetName=GND Pin=U2-2
Added Pin To Net: NetName=GND Pin=U2-2
Added Pin To Net: NetName=GND Pin=U2-3
Added Pin To Net: NetName=GND Pin=U2-3
Added Net: Name=GND
Added Pin To Net: NetName=INT Pin=U1-28
Added Pin To Net: NetName=INT Pin=U2-4
Added Net: Name=INT
Added Pin To Net: NetName=SCL Pin=U1-27
Added Pin To Net: NetName=SCL Pin=U2-6
Added Net: Name=SCL
Added Pin To Net: NetName=SDA Pin=U1-26
Added Pin To Net: NetName=SDA Pin=U2-1
Added Net: Name=SDA
Added Pin To Net: NetName=SWITCH_VDD Pin=H1-2
Added Pin To Net: NetName=SWITCH_VDD Pin=SW1-4
Added Net: Name=SWITCH_VDD
Added Pin To Net: NetName=VDD3.3 Pin=C1-2
Added Pin To Net: NetName=VDD3.3 Pin=SW1-5
Added Pin To Net: NetName=VDD3.3 Pin=U1-20
Added Pin To Net: NetName=VDD3.3 Pin=U1-38
Added Pin To Net: NetName=VDD3.3 Pin=U2-5
Added Net: Name=VDD3.3
Added Class: Name=HumTemp_ESP32
