Removed Pin From Net: NetName=VDD3.3 Pin=SW1-5
Added Component: Designator=C2(CAPCERAMIC_SMD_2012M_0805I)
Added Component: Designator=C3(CAPCERAMIC_SMD_2012M_0805I)
Added Component: Designator=R3(RES_SMD_5025M-2010I)
Added Component: Designator=R4(RES_SMD_5025M-2010I)
Added Component: Designator=U3(SOT95P285X110-5M)
Added Pin To Net: NetName=GND Pin=C2-1
Added Pin To Net: NetName=VDD3.3 Pin=C2-2
Added Pin To Net: NetName=GND Pin=C3-1
Added Pin To Net: NetName=SDA Pin=R3-1
Added Pin To Net: NetName=VDD3.3 Pin=R3-2
Added Pin To Net: NetName=SCL Pin=R4-1
Added Pin To Net: NetName=VDD3.3 Pin=R4-2
Added Pin To Net: NetName=GND Pin=U3-2
Added Pin To Net: NetName=VDD3.3 Pin=U3-5
Added Pin To Net: NetName=VBATT Pin=C3-2
Added Pin To Net: NetName=VBATT Pin=SW1-5
Added Pin To Net: NetName=VBATT Pin=U3-1
Added Pin To Net: NetName=VBATT Pin=U3-3
Added Net: Name=VBATT
Added Member To Class: ClassName=HumTemp_ESP32 Member=Component C2 SMD Capacitor
Added Member To Class: ClassName=HumTemp_ESP32 Member=Component C3 SMD Capacitor
Added Member To Class: ClassName=HumTemp_ESP32 Member=Component R3 SMD Resistor
Added Member To Class: ClassName=HumTemp_ESP32 Member=Component R4 SMD Resistor
Added Member To Class: ClassName=HumTemp_ESP32 Member=Component U3 AP2112-3.3V
