Removed Pin From Net: NetName=GND Pin=C4-1
Removed Pin From Net: NetName=VBATT Pin=C4-2
Removed Pin From Net: NetName=GND Pin=C5-1
Removed Pin From Net: NetName=VDD3.3 Pin=R1-2
Removed Pin From Net: NetName=INT Pin=U1-4
Removed Pin From Net: NetName=VDD3.3 Pin=U1-20
Removed Pin From Net: NetName=SDA Pin=U1-26
Removed Pin From Net: NetName=SCL Pin=U1-27
Removed Pin From Net: NetName=VDD3.3 Pin=U1-38
Removed Pin From Net: NetName=VBATT Pin=U4-1
Removed Pin From Net: NetName=GND Pin=U4-3
Removed Member From Class: ClassName=HumTemp_ESP32 Member=C4
Removed Member From Class: ClassName=HumTemp_ESP32 Member=C5
Removed Member From Class: ClassName=HumTemp_ESP32 Member=U4
Added Pin To Net: NetName=VBATT Pin=R1-2
Added Pin To Net: NetName=SDA Pin=U1-6
Added Pin To Net: NetName=SCL Pin=U1-7
Added Pin To Net: NetName=VDD3.3 Pin=U1-18
Added Pin To Net: NetName=INT Pin=U1-24
Added Pin To Net: NetName=VDD3.3 Pin=U1-40
Added Pin To Net: NetName=VTEST Pin=R1-1
Added Pin To Net: NetName=VTEST Pin=R2-2
Added Pin To Net: NetName=VTEST Pin=U1-35
Added Net: Name=VTEST
Added Room: Name=HumTemp_ESP32
