Added Component: Designator=C?(CAPCERAMIC_SMD_2012M_0805I)
Added Component: Designator=CONN?(16650_batteryholder)
Added Component: Designator=R?(RES_SMD_2012M-0805I)
Added Component: Designator=R?(RES_SMD_2012M-0805I)
Added Component: Designator=SW?(SWITCHDPDT)
Added Component: Designator=U?(ESP32-PICO-KIT)
Added Component: Designator=U?(WSON6)
Added Pin To Net: NetName=INT Pin=U?-4
Added Pin To Net: NetName=INT Pin=U?-28
Added Net: Name=INT
Added Pin To Net: NetName=NetCONN?_0 Pin=CONN?-0
Added Pin To Net: NetName=NetCONN?_0 Pin=CONN?-0
Added Pin To Net: NetName=NetCONN?_0 Pin=SW?-4
Added Net: Name=NetCONN?_0
Added Pin To Net: NetName=NetR?_1 Pin=R?-1
Added Pin To Net: NetName=NetR?_1 Pin=R?-2
Added Pin To Net: NetName=NetR?_1 Pin=U?-14
Added Net: Name=NetR?_1
Added Pin To Net: NetName=SCL Pin=U?-27
Added Net: Name=SCL
Added Pin To Net: NetName=SDA Pin=U?-1
Added Pin To Net: NetName=SDA Pin=U?-26
Added Net: Name=SDA
Added Pin To Net: NetName=VDD3.3 Pin=C?-1
Added Pin To Net: NetName=VDD3.3 Pin=C?-2
Added Pin To Net: NetName=VDD3.3 Pin=CONN?-1
Added Pin To Net: NetName=VDD3.3 Pin=CONN?-1
Added Pin To Net: NetName=VDD3.3 Pin=R?-1
Added Pin To Net: NetName=VDD3.3 Pin=SW?-5
Added Pin To Net: NetName=VDD3.3 Pin=U?-2
Added Pin To Net: NetName=VDD3.3 Pin=U?-2
Added Pin To Net: NetName=VDD3.3 Pin=U?-5
Added Pin To Net: NetName=VDD3.3 Pin=U?-18
Added Pin To Net: NetName=VDD3.3 Pin=U?-38
Added Net: Name=VDD3.3
Added Class: Name=HumTemp_ESP32
